{"C:\\Users\\PeterK\\Desktop\\Mudik\\movie_rental\\app.js": {"path":"C:\\Users\\PeterK\\Desktop\\Mudik\\movie_rental\\app.js","statementMap":{"0":{"start":{"line":1,"column":16},"end":{"line":1,"column":34}},"1":{"start":{"line":2,"column":12},"end":{"line":2,"column":21}},"2":{"start":{"line":3,"column":0},"end":{"line":3,"column":31}},"3":{"start":{"line":4,"column":0},"end":{"line":4,"column":30}},"4":{"start":{"line":5,"column":0},"end":{"line":5,"column":33}},"5":{"start":{"line":6,"column":0},"end":{"line":6,"column":26}},"6":{"start":{"line":8,"column":0},"end":{"line":10,"column":1}},"7":{"start":{"line":9,"column":2},"end":{"line":9,"column":33}},"8":{"start":{"line":12,"column":0},"end":{"line":12,"column":21}}},"fnMap":{},"branchMap":{"0":{"loc":{"start":{"line":8,"column":0},"end":{"line":10,"column":1}},"type":"if","locations":[{"start":{"line":8,"column":0},"end":{"line":10,"column":1}},{"start":{},"end":{}}],"line":8}},"s":{"0":7,"1":7,"2":7,"3":7,"4":7,"5":7,"6":7,"7":0,"8":7},"f":{},"b":{"0":[0,7]},"_coverageSchema":"1a1c01bbd47fc00a2c39e90264f33305004495a9","hash":"b450f66674e3e41d879a5ed08c138c58f0f90933"}
,"C:\\Users\\PeterK\\Desktop\\Mudik\\movie_rental\\emails\\account.js": {"path":"C:\\Users\\PeterK\\Desktop\\Mudik\\movie_rental\\emails\\account.js","statementMap":{"0":{"start":{"line":1,"column":15},"end":{"line":1,"column":32}},"1":{"start":{"line":2,"column":15},"end":{"line":2,"column":40}},"2":{"start":{"line":3,"column":0},"end":{"line":3,"column":47}},"3":{"start":{"line":4,"column":25},"end":{"line":18,"column":1}},"4":{"start":{"line":5,"column":2},"end":{"line":17,"column":7}},"5":{"start":{"line":13,"column":6},"end":{"line":13,"column":32}},"6":{"start":{"line":16,"column":6},"end":{"line":16,"column":46}},"7":{"start":{"line":20,"column":0},"end":{"line":22,"column":2}}},"fnMap":{"0":{"name":"(anonymous_0)","decl":{"start":{"line":4,"column":25},"end":{"line":4,"column":26}},"loc":{"start":{"line":4,"column":42},"end":{"line":18,"column":1}},"line":4},"1":{"name":"(anonymous_1)","decl":{"start":{"line":12,"column":10},"end":{"line":12,"column":11}},"loc":{"start":{"line":12,"column":16},"end":{"line":14,"column":5}},"line":12},"2":{"name":"(anonymous_2)","decl":{"start":{"line":15,"column":11},"end":{"line":15,"column":12}},"loc":{"start":{"line":15,"column":22},"end":{"line":17,"column":5}},"line":15}},"branchMap":{},"s":{"0":7,"1":7,"2":7,"3":7,"4":0,"5":0,"6":0,"7":7},"f":{"0":0,"1":0,"2":0},"b":{},"_coverageSchema":"1a1c01bbd47fc00a2c39e90264f33305004495a9","hash":"3c3d7255a426ac950d2af9344cd064690e0b6bca"}
,"C:\\Users\\PeterK\\Desktop\\Mudik\\movie_rental\\middleware\\adminAuth.js": {"path":"C:\\Users\\PeterK\\Desktop\\Mudik\\movie_rental\\middleware\\adminAuth.js","statementMap":{"0":{"start":{"line":1,"column":0},"end":{"line":4,"column":2}},"1":{"start":{"line":2,"column":2},"end":{"line":2,"column":66}},"2":{"start":{"line":2,"column":25},"end":{"line":2,"column":66}},"3":{"start":{"line":3,"column":2},"end":{"line":3,"column":9}}},"fnMap":{"0":{"name":"(anonymous_0)","decl":{"start":{"line":1,"column":17},"end":{"line":1,"column":18}},"loc":{"start":{"line":1,"column":43},"end":{"line":4,"column":1}},"line":1}},"branchMap":{"0":{"loc":{"start":{"line":2,"column":2},"end":{"line":2,"column":66}},"type":"if","locations":[{"start":{"line":2,"column":2},"end":{"line":2,"column":66}},{"start":{},"end":{}}],"line":2}},"s":{"0":7,"1":7,"2":2,"3":5},"f":{"0":7},"b":{"0":[2,5]},"_coverageSchema":"1a1c01bbd47fc00a2c39e90264f33305004495a9","hash":"44cae71ed147ea0bd016d07d9e1465af595dd2be"}
,"C:\\Users\\PeterK\\Desktop\\Mudik\\movie_rental\\middleware\\auth.js": {"path":"C:\\Users\\PeterK\\Desktop\\Mudik\\movie_rental\\middleware\\auth.js","statementMap":{"0":{"start":{"line":1,"column":12},"end":{"line":1,"column":35}},"1":{"start":{"line":2,"column":15},"end":{"line":2,"column":32}},"2":{"start":{"line":3,"column":0},"end":{"line":15,"column":2}},"3":{"start":{"line":4,"column":16},"end":{"line":4,"column":42}},"4":{"start":{"line":5,"column":2},"end":{"line":7,"column":3}},"5":{"start":{"line":6,"column":4},"end":{"line":6,"column":49}},"6":{"start":{"line":8,"column":2},"end":{"line":14,"column":3}},"7":{"start":{"line":9,"column":20},"end":{"line":9,"column":64}},"8":{"start":{"line":10,"column":4},"end":{"line":10,"column":23}},"9":{"start":{"line":11,"column":4},"end":{"line":11,"column":11}},"10":{"start":{"line":13,"column":4},"end":{"line":13,"column":42}}},"fnMap":{"0":{"name":"(anonymous_0)","decl":{"start":{"line":3,"column":17},"end":{"line":3,"column":18}},"loc":{"start":{"line":3,"column":43},"end":{"line":15,"column":1}},"line":3}},"branchMap":{"0":{"loc":{"start":{"line":5,"column":2},"end":{"line":7,"column":3}},"type":"if","locations":[{"start":{"line":5,"column":2},"end":{"line":7,"column":3}},{"start":{},"end":{}}],"line":5}},"s":{"0":7,"1":7,"2":7,"3":68,"4":68,"5":9,"6":59,"7":59,"8":58,"9":58,"10":1},"f":{"0":68},"b":{"0":[9,59]},"_coverageSchema":"1a1c01bbd47fc00a2c39e90264f33305004495a9","hash":"fae41d58fff3ce311d26159386f67b7a05783f48"}
,"C:\\Users\\PeterK\\Desktop\\Mudik\\movie_rental\\middleware\\error.js": {"path":"C:\\Users\\PeterK\\Desktop\\Mudik\\movie_rental\\middleware\\error.js","statementMap":{"0":{"start":{"line":1,"column":16},"end":{"line":1,"column":34}},"1":{"start":{"line":2,"column":0},"end":{"line":5,"column":2}},"2":{"start":{"line":3,"column":2},"end":{"line":3,"column":65}},"3":{"start":{"line":4,"column":2},"end":{"line":4,"column":64}}},"fnMap":{"0":{"name":"(anonymous_0)","decl":{"start":{"line":2,"column":17},"end":{"line":2,"column":18}},"loc":{"start":{"line":2,"column":50},"end":{"line":5,"column":1}},"line":2}},"branchMap":{},"s":{"0":7,"1":7,"2":9,"3":9},"f":{"0":9},"b":{},"_coverageSchema":"1a1c01bbd47fc00a2c39e90264f33305004495a9","hash":"825b4a5a8082ba189170c2767dafd0246a72aa1d"}
,"C:\\Users\\PeterK\\Desktop\\Mudik\\movie_rental\\middleware\\validateObjectId.js": {"path":"C:\\Users\\PeterK\\Desktop\\Mudik\\movie_rental\\middleware\\validateObjectId.js","statementMap":{"0":{"start":{"line":1,"column":17},"end":{"line":1,"column":36}},"1":{"start":{"line":2,"column":0},"end":{"line":7,"column":2}},"2":{"start":{"line":3,"column":2},"end":{"line":5,"column":3}},"3":{"start":{"line":4,"column":4},"end":{"line":4,"column":53}},"4":{"start":{"line":6,"column":2},"end":{"line":6,"column":9}}},"fnMap":{"0":{"name":"(anonymous_0)","decl":{"start":{"line":2,"column":17},"end":{"line":2,"column":18}},"loc":{"start":{"line":2,"column":43},"end":{"line":7,"column":1}},"line":2}},"branchMap":{"0":{"loc":{"start":{"line":3,"column":2},"end":{"line":5,"column":3}},"type":"if","locations":[{"start":{"line":3,"column":2},"end":{"line":5,"column":3}},{"start":{},"end":{}}],"line":3}},"s":{"0":7,"1":7,"2":49,"3":11,"4":38},"f":{"0":49},"b":{"0":[11,38]},"_coverageSchema":"1a1c01bbd47fc00a2c39e90264f33305004495a9","hash":"705f2bb1cd239ca663e885e4a9c97d9dbce4b5ac"}
,"C:\\Users\\PeterK\\Desktop\\Mudik\\movie_rental\\models\\customerModel.js": {"path":"C:\\Users\\PeterK\\Desktop\\Mudik\\movie_rental\\models\\customerModel.js","statementMap":{"0":{"start":{"line":1,"column":17},"end":{"line":1,"column":36}},"1":{"start":{"line":2,"column":12},"end":{"line":2,"column":26}},"2":{"start":{"line":5,"column":23},"end":{"line":22,"column":2}},"3":{"start":{"line":24,"column":17},"end":{"line":24,"column":59}},"4":{"start":{"line":26,"column":17},"end":{"line":30,"column":4}},"5":{"start":{"line":31,"column":2},"end":{"line":31,"column":32}},"6":{"start":{"line":34,"column":17},"end":{"line":38,"column":4}},"7":{"start":{"line":39,"column":2},"end":{"line":39,"column":32}},"8":{"start":{"line":42,"column":0},"end":{"line":42,"column":47}},"9":{"start":{"line":43,"column":0},"end":{"line":43,"column":35}},"10":{"start":{"line":44,"column":0},"end":{"line":44,"column":65}},"11":{"start":{"line":45,"column":0},"end":{"line":45,"column":75}}},"fnMap":{"0":{"name":"customerInputValidation","decl":{"start":{"line":25,"column":9},"end":{"line":25,"column":32}},"loc":{"start":{"line":25,"column":40},"end":{"line":32,"column":1}},"line":25},"1":{"name":"customerInputValidationPATCH","decl":{"start":{"line":33,"column":9},"end":{"line":33,"column":37}},"loc":{"start":{"line":33,"column":45},"end":{"line":40,"column":1}},"line":33}},"branchMap":{},"s":{"0":7,"1":7,"2":7,"3":7,"4":7,"5":7,"6":0,"7":0,"8":7,"9":7,"10":7,"11":7},"f":{"0":7,"1":0},"b":{},"_coverageSchema":"1a1c01bbd47fc00a2c39e90264f33305004495a9","hash":"0c41de9bf197865ad7be806676025cb662c56f15"}
,"C:\\Users\\PeterK\\Desktop\\Mudik\\movie_rental\\models\\genreModel.js": {"path":"C:\\Users\\PeterK\\Desktop\\Mudik\\movie_rental\\models\\genreModel.js","statementMap":{"0":{"start":{"line":1,"column":17},"end":{"line":1,"column":36}},"1":{"start":{"line":2,"column":12},"end":{"line":2,"column":26}},"2":{"start":{"line":4,"column":20},"end":{"line":12,"column":2}},"3":{"start":{"line":14,"column":17},"end":{"line":16,"column":4}},"4":{"start":{"line":17,"column":2},"end":{"line":17,"column":32}},"5":{"start":{"line":21,"column":14},"end":{"line":21,"column":51}},"6":{"start":{"line":22,"column":0},"end":{"line":22,"column":41}},"7":{"start":{"line":23,"column":0},"end":{"line":23,"column":29}},"8":{"start":{"line":24,"column":0},"end":{"line":24,"column":59}}},"fnMap":{"0":{"name":"genreInputValidation","decl":{"start":{"line":13,"column":9},"end":{"line":13,"column":29}},"loc":{"start":{"line":13,"column":37},"end":{"line":18,"column":1}},"line":13}},"branchMap":{},"s":{"0":7,"1":7,"2":7,"3":11,"4":11,"5":7,"6":7,"7":7,"8":7},"f":{"0":11},"b":{},"_coverageSchema":"1a1c01bbd47fc00a2c39e90264f33305004495a9","hash":"aa7ca383868e79e8c1c57bb3d27b5c08b3c76fa5"}
,"C:\\Users\\PeterK\\Desktop\\Mudik\\movie_rental\\models\\movieModel": {"path":"C:\\Users\\PeterK\\Desktop\\Mudik\\movie_rental\\models\\movieModel","statementMap":{"0":{"start":{"line":1,"column":17},"end":{"line":1,"column":36}},"1":{"start":{"line":2,"column":12},"end":{"line":2,"column":26}},"2":{"start":{"line":3,"column":0},"end":{"line":3,"column":44}},"3":{"start":{"line":4,"column":27},"end":{"line":4,"column":41}},"4":{"start":{"line":5,"column":24},"end":{"line":5,"column":47}},"5":{"start":{"line":6,"column":20},"end":{"line":27,"column":2}},"6":{"start":{"line":29,"column":17},"end":{"line":34,"column":4}},"7":{"start":{"line":35,"column":2},"end":{"line":35,"column":32}},"8":{"start":{"line":38,"column":14},"end":{"line":38,"column":51}},"9":{"start":{"line":39,"column":0},"end":{"line":39,"column":41}},"10":{"start":{"line":40,"column":0},"end":{"line":40,"column":29}},"11":{"start":{"line":41,"column":0},"end":{"line":41,"column":59}}},"fnMap":{"0":{"name":"movieInputValidation","decl":{"start":{"line":28,"column":9},"end":{"line":28,"column":29}},"loc":{"start":{"line":28,"column":37},"end":{"line":36,"column":1}},"line":28}},"branchMap":{},"s":{"0":7,"1":7,"2":7,"3":7,"4":7,"5":7,"6":23,"7":23,"8":7,"9":7,"10":7,"11":7},"f":{"0":23},"b":{},"inputSourceMap":null,"_coverageSchema":"1a1c01bbd47fc00a2c39e90264f33305004495a9","hash":"f4ae91c9f8c04553b110a2ec7ca6aeb15ded9843"}
,"C:\\Users\\PeterK\\Desktop\\Mudik\\movie_rental\\models\\rentalModel.js": {"path":"C:\\Users\\PeterK\\Desktop\\Mudik\\movie_rental\\models\\rentalModel.js","statementMap":{"0":{"start":{"line":1,"column":17},"end":{"line":1,"column":36}},"1":{"start":{"line":2,"column":24},"end":{"line":2,"column":47}},"2":{"start":{"line":4,"column":12},"end":{"line":4,"column":26}},"3":{"start":{"line":5,"column":25},"end":{"line":5,"column":39}},"4":{"start":{"line":6,"column":21},"end":{"line":52,"column":2}},"5":{"start":{"line":55,"column":17},"end":{"line":58,"column":4}},"6":{"start":{"line":59,"column":2},"end":{"line":59,"column":32}},"7":{"start":{"line":61,"column":16},"end":{"line":61,"column":55}},"8":{"start":{"line":62,"column":0},"end":{"line":62,"column":43}},"9":{"start":{"line":63,"column":0},"end":{"line":63,"column":33}},"10":{"start":{"line":64,"column":0},"end":{"line":64,"column":61}}},"fnMap":{"0":{"name":"rentalInputValidation","decl":{"start":{"line":54,"column":9},"end":{"line":54,"column":30}},"loc":{"start":{"line":54,"column":38},"end":{"line":60,"column":1}},"line":54}},"branchMap":{},"s":{"0":7,"1":7,"2":7,"3":7,"4":7,"5":9,"6":9,"7":7,"8":7,"9":7,"10":7},"f":{"0":9},"b":{},"_coverageSchema":"1a1c01bbd47fc00a2c39e90264f33305004495a9","hash":"ed8d4257f2a4d735923e1dd8952d4b4d989bac6a"}
,"C:\\Users\\PeterK\\Desktop\\Mudik\\movie_rental\\models\\userModel.js": {"path":"C:\\Users\\PeterK\\Desktop\\Mudik\\movie_rental\\models\\userModel.js","statementMap":{"0":{"start":{"line":1,"column":17},"end":{"line":1,"column":36}},"1":{"start":{"line":2,"column":16},"end":{"line":2,"column":34}},"2":{"start":{"line":3,"column":12},"end":{"line":3,"column":26}},"3":{"start":{"line":4,"column":28},"end":{"line":4,"column":42}},"4":{"start":{"line":5,"column":0},"end":{"line":5,"column":31}},"5":{"start":{"line":6,"column":12},"end":{"line":6,"column":26}},"6":{"start":{"line":7,"column":15},"end":{"line":7,"column":32}},"7":{"start":{"line":8,"column":12},"end":{"line":8,"column":35}},"8":{"start":{"line":9,"column":24},"end":{"line":9,"column":47}},"9":{"start":{"line":10,"column":19},"end":{"line":31,"column":2}},"10":{"start":{"line":33,"column":0},"end":{"line":38,"column":2}},"11":{"start":{"line":34,"column":2},"end":{"line":37,"column":4}},"12":{"start":{"line":40,"column":17},"end":{"line":54,"column":4}},"13":{"start":{"line":55,"column":2},"end":{"line":55,"column":32}},"14":{"start":{"line":58,"column":14},"end":{"line":58,"column":49}},"15":{"start":{"line":59,"column":0},"end":{"line":59,"column":57}},"16":{"start":{"line":60,"column":0},"end":{"line":60,"column":29}},"17":{"start":{"line":61,"column":0},"end":{"line":61,"column":62}}},"fnMap":{"0":{"name":"(anonymous_0)","decl":{"start":{"line":33,"column":34},"end":{"line":33,"column":35}},"loc":{"start":{"line":33,"column":46},"end":{"line":38,"column":1}},"line":33},"1":{"name":"userInputValidation","decl":{"start":{"line":39,"column":9},"end":{"line":39,"column":28}},"loc":{"start":{"line":39,"column":36},"end":{"line":56,"column":1}},"line":39}},"branchMap":{},"s":{"0":7,"1":7,"2":7,"3":7,"4":7,"5":7,"6":7,"7":7,"8":7,"9":7,"10":7,"11":43,"12":14,"13":14,"14":7,"15":7,"16":7,"17":7},"f":{"0":43,"1":14},"b":{},"_coverageSchema":"1a1c01bbd47fc00a2c39e90264f33305004495a9","hash":"3c8cfce6f2943e50aa75db46e3e632cedd044d86"}
,"C:\\Users\\PeterK\\Desktop\\Mudik\\movie_rental\\routes\\customerRoutes.js": {"path":"C:\\Users\\PeterK\\Desktop\\Mudik\\movie_rental\\routes\\customerRoutes.js","statementMap":{"0":{"start":{"line":1,"column":16},"end":{"line":1,"column":34}},"1":{"start":{"line":2,"column":15},"end":{"line":2,"column":31}},"2":{"start":{"line":3,"column":13},"end":{"line":3,"column":42}},"3":{"start":{"line":8,"column":4},"end":{"line":8,"column":38}},"4":{"start":{"line":9,"column":18},"end":{"line":9,"column":52}},"5":{"start":{"line":10,"column":25},"end":{"line":10,"column":66}},"6":{"start":{"line":12,"column":0},"end":{"line":18,"column":3}},"7":{"start":{"line":13,"column":20},"end":{"line":13,"column":41}},"8":{"start":{"line":14,"column":2},"end":{"line":16,"column":3}},"9":{"start":{"line":15,"column":4},"end":{"line":15,"column":51}},"10":{"start":{"line":17,"column":2},"end":{"line":17,"column":22}},"11":{"start":{"line":20,"column":0},"end":{"line":25,"column":3}},"12":{"start":{"line":21,"column":14},"end":{"line":21,"column":27}},"13":{"start":{"line":22,"column":19},"end":{"line":22,"column":51}},"14":{"start":{"line":23,"column":2},"end":{"line":23,"column":67}},"15":{"start":{"line":23,"column":17},"end":{"line":23,"column":67}},"16":{"start":{"line":24,"column":2},"end":{"line":24,"column":21}},"17":{"start":{"line":26,"column":0},"end":{"line":38,"column":3}},"18":{"start":{"line":27,"column":20},"end":{"line":27,"column":53}},"19":{"start":{"line":28,"column":2},"end":{"line":30,"column":3}},"20":{"start":{"line":29,"column":4},"end":{"line":29,"column":35}},"21":{"start":{"line":31,"column":19},"end":{"line":35,"column":4}},"22":{"start":{"line":36,"column":2},"end":{"line":36,"column":24}},"23":{"start":{"line":37,"column":2},"end":{"line":37,"column":21}},"24":{"start":{"line":40,"column":0},"end":{"line":61,"column":3}},"25":{"start":{"line":41,"column":13},"end":{"line":41,"column":26}},"26":{"start":{"line":42,"column":20},"end":{"line":42,"column":53}},"27":{"start":{"line":43,"column":2},"end":{"line":45,"column":3}},"28":{"start":{"line":44,"column":4},"end":{"line":44,"column":35}},"29":{"start":{"line":46,"column":19},"end":{"line":56,"column":3}},"30":{"start":{"line":57,"column":2},"end":{"line":59,"column":3}},"31":{"start":{"line":58,"column":4},"end":{"line":58,"column":45}},"32":{"start":{"line":60,"column":2},"end":{"line":60,"column":21}},"33":{"start":{"line":90,"column":0},"end":{"line":97,"column":3}},"34":{"start":{"line":91,"column":13},"end":{"line":91,"column":26}},"35":{"start":{"line":92,"column":19},"end":{"line":92,"column":55}},"36":{"start":{"line":93,"column":2},"end":{"line":95,"column":3}},"37":{"start":{"line":94,"column":4},"end":{"line":94,"column":36}},"38":{"start":{"line":96,"column":2},"end":{"line":96,"column":21}},"39":{"start":{"line":99,"column":0},"end":{"line":99,"column":24}}},"fnMap":{"0":{"name":"(anonymous_0)","decl":{"start":{"line":12,"column":16},"end":{"line":12,"column":17}},"loc":{"start":{"line":12,"column":36},"end":{"line":18,"column":1}},"line":12},"1":{"name":"(anonymous_1)","decl":{"start":{"line":20,"column":37},"end":{"line":20,"column":38}},"loc":{"start":{"line":20,"column":57},"end":{"line":25,"column":1}},"line":20},"2":{"name":"(anonymous_2)","decl":{"start":{"line":26,"column":23},"end":{"line":26,"column":24}},"loc":{"start":{"line":26,"column":43},"end":{"line":38,"column":1}},"line":26},"3":{"name":"(anonymous_3)","decl":{"start":{"line":40,"column":43},"end":{"line":40,"column":44}},"loc":{"start":{"line":40,"column":63},"end":{"line":61,"column":1}},"line":40},"4":{"name":"(anonymous_4)","decl":{"start":{"line":90,"column":57},"end":{"line":90,"column":58}},"loc":{"start":{"line":90,"column":77},"end":{"line":97,"column":1}},"line":90}},"branchMap":{"0":{"loc":{"start":{"line":14,"column":2},"end":{"line":16,"column":3}},"type":"if","locations":[{"start":{"line":14,"column":2},"end":{"line":16,"column":3}},{"start":{},"end":{}}],"line":14},"1":{"loc":{"start":{"line":23,"column":2},"end":{"line":23,"column":67}},"type":"if","locations":[{"start":{"line":23,"column":2},"end":{"line":23,"column":67}},{"start":{},"end":{}}],"line":23},"2":{"loc":{"start":{"line":28,"column":2},"end":{"line":30,"column":3}},"type":"if","locations":[{"start":{"line":28,"column":2},"end":{"line":30,"column":3}},{"start":{},"end":{}}],"line":28},"3":{"loc":{"start":{"line":43,"column":2},"end":{"line":45,"column":3}},"type":"if","locations":[{"start":{"line":43,"column":2},"end":{"line":45,"column":3}},{"start":{},"end":{}}],"line":43},"4":{"loc":{"start":{"line":57,"column":2},"end":{"line":59,"column":3}},"type":"if","locations":[{"start":{"line":57,"column":2},"end":{"line":59,"column":3}},{"start":{},"end":{}}],"line":57},"5":{"loc":{"start":{"line":93,"column":2},"end":{"line":95,"column":3}},"type":"if","locations":[{"start":{"line":93,"column":2},"end":{"line":95,"column":3}},{"start":{},"end":{}}],"line":93}},"s":{"0":7,"1":7,"2":7,"3":7,"4":7,"5":7,"6":7,"7":1,"8":1,"9":0,"10":1,"11":7,"12":0,"13":0,"14":0,"15":0,"16":0,"17":7,"18":7,"19":7,"20":0,"21":7,"22":7,"23":7,"24":7,"25":0,"26":0,"27":0,"28":0,"29":0,"30":0,"31":0,"32":0,"33":7,"34":0,"35":0,"36":0,"37":0,"38":0,"39":7},"f":{"0":1,"1":0,"2":7,"3":0,"4":0},"b":{"0":[0,1],"1":[0,0],"2":[0,7],"3":[0,0],"4":[0,0],"5":[0,0]},"_coverageSchema":"1a1c01bbd47fc00a2c39e90264f33305004495a9","hash":"cd2cf89698d70f9cca091d0e4cda05453c7db078"}
,"C:\\Users\\PeterK\\Desktop\\Mudik\\movie_rental\\routes\\genresRoutes.js": {"path":"C:\\Users\\PeterK\\Desktop\\Mudik\\movie_rental\\routes\\genresRoutes.js","statementMap":{"0":{"start":{"line":1,"column":16},"end":{"line":1,"column":34}},"1":{"start":{"line":2,"column":18},"end":{"line":2,"column":52}},"2":{"start":{"line":3,"column":13},"end":{"line":3,"column":42}},"3":{"start":{"line":4,"column":25},"end":{"line":4,"column":66}},"4":{"start":{"line":5,"column":15},"end":{"line":5,"column":31}},"5":{"start":{"line":6,"column":40},"end":{"line":6,"column":71}},"6":{"start":{"line":8,"column":0},"end":{"line":14,"column":3}},"7":{"start":{"line":9,"column":17},"end":{"line":9,"column":37}},"8":{"start":{"line":10,"column":2},"end":{"line":12,"column":3}},"9":{"start":{"line":11,"column":4},"end":{"line":11,"column":50}},"10":{"start":{"line":13,"column":2},"end":{"line":13,"column":19}},"11":{"start":{"line":16,"column":0},"end":{"line":21,"column":3}},"12":{"start":{"line":17,"column":14},"end":{"line":17,"column":27}},"13":{"start":{"line":18,"column":16},"end":{"line":18,"column":45}},"14":{"start":{"line":19,"column":2},"end":{"line":19,"column":61}},"15":{"start":{"line":19,"column":14},"end":{"line":19,"column":61}},"16":{"start":{"line":20,"column":2},"end":{"line":20,"column":18}},"17":{"start":{"line":24,"column":0},"end":{"line":34,"column":3}},"18":{"start":{"line":25,"column":20},"end":{"line":25,"column":50}},"19":{"start":{"line":26,"column":2},"end":{"line":28,"column":3}},"20":{"start":{"line":27,"column":4},"end":{"line":27,"column":51}},"21":{"start":{"line":29,"column":16},"end":{"line":31,"column":4}},"22":{"start":{"line":32,"column":2},"end":{"line":32,"column":21}},"23":{"start":{"line":33,"column":2},"end":{"line":33,"column":18}},"24":{"start":{"line":37,"column":0},"end":{"line":52,"column":3}},"25":{"start":{"line":38,"column":13},"end":{"line":38,"column":26}},"26":{"start":{"line":39,"column":20},"end":{"line":39,"column":50}},"27":{"start":{"line":40,"column":2},"end":{"line":42,"column":3}},"28":{"start":{"line":41,"column":4},"end":{"line":41,"column":35}},"29":{"start":{"line":43,"column":16},"end":{"line":47,"column":3}},"30":{"start":{"line":48,"column":2},"end":{"line":50,"column":3}},"31":{"start":{"line":49,"column":4},"end":{"line":49,"column":58}},"32":{"start":{"line":51,"column":2},"end":{"line":51,"column":18}},"33":{"start":{"line":68,"column":0},"end":{"line":76,"column":3}},"34":{"start":{"line":69,"column":13},"end":{"line":69,"column":26}},"35":{"start":{"line":71,"column":16},"end":{"line":71,"column":49}},"36":{"start":{"line":72,"column":2},"end":{"line":74,"column":3}},"37":{"start":{"line":73,"column":4},"end":{"line":73,"column":58}},"38":{"start":{"line":75,"column":2},"end":{"line":75,"column":18}},"39":{"start":{"line":78,"column":0},"end":{"line":78,"column":24}}},"fnMap":{"0":{"name":"(anonymous_0)","decl":{"start":{"line":8,"column":16},"end":{"line":8,"column":17}},"loc":{"start":{"line":8,"column":36},"end":{"line":14,"column":1}},"line":8},"1":{"name":"(anonymous_1)","decl":{"start":{"line":16,"column":37},"end":{"line":16,"column":38}},"loc":{"start":{"line":16,"column":57},"end":{"line":21,"column":1}},"line":16},"2":{"name":"(anonymous_2)","decl":{"start":{"line":24,"column":23},"end":{"line":24,"column":24}},"loc":{"start":{"line":24,"column":43},"end":{"line":34,"column":1}},"line":24},"3":{"name":"(anonymous_3)","decl":{"start":{"line":37,"column":43},"end":{"line":37,"column":44}},"loc":{"start":{"line":37,"column":63},"end":{"line":52,"column":1}},"line":37},"4":{"name":"(anonymous_4)","decl":{"start":{"line":68,"column":57},"end":{"line":68,"column":58}},"loc":{"start":{"line":68,"column":77},"end":{"line":76,"column":1}},"line":68}},"branchMap":{"0":{"loc":{"start":{"line":10,"column":2},"end":{"line":12,"column":3}},"type":"if","locations":[{"start":{"line":10,"column":2},"end":{"line":12,"column":3}},{"start":{},"end":{}}],"line":10},"1":{"loc":{"start":{"line":19,"column":2},"end":{"line":19,"column":61}},"type":"if","locations":[{"start":{"line":19,"column":2},"end":{"line":19,"column":61}},{"start":{},"end":{}}],"line":19},"2":{"loc":{"start":{"line":26,"column":2},"end":{"line":28,"column":3}},"type":"if","locations":[{"start":{"line":26,"column":2},"end":{"line":28,"column":3}},{"start":{},"end":{}}],"line":26},"3":{"loc":{"start":{"line":40,"column":2},"end":{"line":42,"column":3}},"type":"if","locations":[{"start":{"line":40,"column":2},"end":{"line":42,"column":3}},{"start":{},"end":{}}],"line":40},"4":{"loc":{"start":{"line":48,"column":2},"end":{"line":50,"column":3}},"type":"if","locations":[{"start":{"line":48,"column":2},"end":{"line":50,"column":3}},{"start":{},"end":{}}],"line":48},"5":{"loc":{"start":{"line":72,"column":2},"end":{"line":74,"column":3}},"type":"if","locations":[{"start":{"line":72,"column":2},"end":{"line":74,"column":3}},{"start":{},"end":{}}],"line":72}},"s":{"0":7,"1":7,"2":7,"3":7,"4":7,"5":7,"6":7,"7":3,"8":3,"9":2,"10":1,"11":7,"12":1,"13":1,"14":1,"15":0,"16":1,"17":7,"18":5,"19":5,"20":2,"21":5,"22":5,"23":4,"24":7,"25":6,"26":6,"27":6,"28":2,"29":4,"30":4,"31":1,"32":3,"33":7,"34":3,"35":3,"36":3,"37":1,"38":2,"39":7},"f":{"0":3,"1":1,"2":5,"3":6,"4":3},"b":{"0":[2,1],"1":[0,1],"2":[2,3],"3":[2,4],"4":[1,3],"5":[1,2]},"_coverageSchema":"1a1c01bbd47fc00a2c39e90264f33305004495a9","hash":"b31bdfb134f33b8b665f7dd4f79848483522e1bc"}
,"C:\\Users\\PeterK\\Desktop\\Mudik\\movie_rental\\routes\\loginRoute.js": {"path":"C:\\Users\\PeterK\\Desktop\\Mudik\\movie_rental\\routes\\loginRoute.js","statementMap":{"0":{"start":{"line":1,"column":16},"end":{"line":1,"column":34}},"1":{"start":{"line":2,"column":15},"end":{"line":2,"column":31}},"2":{"start":{"line":3,"column":12},"end":{"line":3,"column":26}},"3":{"start":{"line":4,"column":15},"end":{"line":4,"column":32}},"4":{"start":{"line":5,"column":18},"end":{"line":5,"column":48}},"5":{"start":{"line":6,"column":12},"end":{"line":6,"column":35}},"6":{"start":{"line":8,"column":0},"end":{"line":23,"column":3}},"7":{"start":{"line":9,"column":20},"end":{"line":9,"column":43}},"8":{"start":{"line":10,"column":2},"end":{"line":12,"column":3}},"9":{"start":{"line":11,"column":4},"end":{"line":11,"column":72}},"10":{"start":{"line":13,"column":15},"end":{"line":13,"column":61}},"11":{"start":{"line":14,"column":2},"end":{"line":16,"column":3}},"12":{"start":{"line":15,"column":4},"end":{"line":15,"column":71}},"13":{"start":{"line":17,"column":16},"end":{"line":17,"column":70}},"14":{"start":{"line":18,"column":2},"end":{"line":20,"column":3}},"15":{"start":{"line":19,"column":4},"end":{"line":19,"column":63}},"16":{"start":{"line":21,"column":16},"end":{"line":21,"column":35}},"17":{"start":{"line":22,"column":2},"end":{"line":22,"column":24}},"18":{"start":{"line":25,"column":17},"end":{"line":28,"column":4}},"19":{"start":{"line":29,"column":2},"end":{"line":29,"column":32}},"20":{"start":{"line":31,"column":0},"end":{"line":31,"column":24}}},"fnMap":{"0":{"name":"(anonymous_0)","decl":{"start":{"line":8,"column":17},"end":{"line":8,"column":18}},"loc":{"start":{"line":8,"column":37},"end":{"line":23,"column":1}},"line":8},"1":{"name":"validateLogin","decl":{"start":{"line":24,"column":9},"end":{"line":24,"column":22}},"loc":{"start":{"line":24,"column":30},"end":{"line":30,"column":1}},"line":24}},"branchMap":{"0":{"loc":{"start":{"line":10,"column":2},"end":{"line":12,"column":3}},"type":"if","locations":[{"start":{"line":10,"column":2},"end":{"line":12,"column":3}},{"start":{},"end":{}}],"line":10},"1":{"loc":{"start":{"line":14,"column":2},"end":{"line":16,"column":3}},"type":"if","locations":[{"start":{"line":14,"column":2},"end":{"line":16,"column":3}},{"start":{},"end":{}}],"line":14},"2":{"loc":{"start":{"line":18,"column":2},"end":{"line":20,"column":3}},"type":"if","locations":[{"start":{"line":18,"column":2},"end":{"line":20,"column":3}},{"start":{},"end":{}}],"line":18}},"s":{"0":7,"1":7,"2":7,"3":7,"4":7,"5":7,"6":7,"7":6,"8":6,"9":2,"10":4,"11":4,"12":1,"13":3,"14":3,"15":1,"16":2,"17":2,"18":6,"19":6,"20":7},"f":{"0":6,"1":6},"b":{"0":[2,4],"1":[1,3],"2":[1,2]},"_coverageSchema":"1a1c01bbd47fc00a2c39e90264f33305004495a9","hash":"0b5cb10ad9d7887fccc3fe386e5f1f7f139fd757"}
,"C:\\Users\\PeterK\\Desktop\\Mudik\\movie_rental\\routes\\movieRoutes.js": {"path":"C:\\Users\\PeterK\\Desktop\\Mudik\\movie_rental\\routes\\movieRoutes.js","statementMap":{"0":{"start":{"line":1,"column":16},"end":{"line":1,"column":34}},"1":{"start":{"line":2,"column":15},"end":{"line":2,"column":31}},"2":{"start":{"line":3,"column":18},"end":{"line":3,"column":49}},"3":{"start":{"line":4,"column":13},"end":{"line":4,"column":42}},"4":{"start":{"line":9,"column":4},"end":{"line":9,"column":35}},"5":{"start":{"line":10,"column":19},"end":{"line":10,"column":50}},"6":{"start":{"line":11,"column":12},"end":{"line":11,"column":42}},"7":{"start":{"line":12,"column":18},"end":{"line":12,"column":52}},"8":{"start":{"line":13,"column":25},"end":{"line":13,"column":66}},"9":{"start":{"line":15,"column":0},"end":{"line":21,"column":3}},"10":{"start":{"line":16,"column":17},"end":{"line":16,"column":37}},"11":{"start":{"line":17,"column":2},"end":{"line":19,"column":3}},"12":{"start":{"line":18,"column":4},"end":{"line":18,"column":51}},"13":{"start":{"line":20,"column":2},"end":{"line":20,"column":19}},"14":{"start":{"line":22,"column":0},"end":{"line":27,"column":3}},"15":{"start":{"line":23,"column":14},"end":{"line":23,"column":27}},"16":{"start":{"line":24,"column":16},"end":{"line":24,"column":45}},"17":{"start":{"line":25,"column":2},"end":{"line":25,"column":61}},"18":{"start":{"line":25,"column":14},"end":{"line":25,"column":61}},"19":{"start":{"line":26,"column":2},"end":{"line":26,"column":18}},"20":{"start":{"line":29,"column":0},"end":{"line":50,"column":3}},"21":{"start":{"line":30,"column":20},"end":{"line":30,"column":50}},"22":{"start":{"line":32,"column":2},"end":{"line":34,"column":3}},"23":{"start":{"line":33,"column":4},"end":{"line":33,"column":58}},"24":{"start":{"line":36,"column":16},"end":{"line":36,"column":54}},"25":{"start":{"line":37,"column":2},"end":{"line":37,"column":66}},"26":{"start":{"line":37,"column":14},"end":{"line":37,"column":66}},"27":{"start":{"line":39,"column":16},"end":{"line":47,"column":4}},"28":{"start":{"line":48,"column":2},"end":{"line":48,"column":21}},"29":{"start":{"line":49,"column":2},"end":{"line":49,"column":18}},"30":{"start":{"line":52,"column":0},"end":{"line":79,"column":3}},"31":{"start":{"line":53,"column":14},"end":{"line":53,"column":27}},"32":{"start":{"line":54,"column":20},"end":{"line":54,"column":50}},"33":{"start":{"line":55,"column":2},"end":{"line":57,"column":3}},"34":{"start":{"line":56,"column":4},"end":{"line":56,"column":39}},"35":{"start":{"line":58,"column":16},"end":{"line":58,"column":54}},"36":{"start":{"line":59,"column":2},"end":{"line":59,"column":66}},"37":{"start":{"line":59,"column":14},"end":{"line":59,"column":66}},"38":{"start":{"line":60,"column":16},"end":{"line":74,"column":3}},"39":{"start":{"line":75,"column":2},"end":{"line":77,"column":3}},"40":{"start":{"line":76,"column":4},"end":{"line":76,"column":49}},"41":{"start":{"line":78,"column":2},"end":{"line":78,"column":18}},"42":{"start":{"line":80,"column":0},"end":{"line":87,"column":3}},"43":{"start":{"line":81,"column":14},"end":{"line":81,"column":27}},"44":{"start":{"line":82,"column":16},"end":{"line":82,"column":50}},"45":{"start":{"line":83,"column":2},"end":{"line":85,"column":3}},"46":{"start":{"line":84,"column":4},"end":{"line":84,"column":61}},"47":{"start":{"line":86,"column":2},"end":{"line":86,"column":18}},"48":{"start":{"line":88,"column":0},"end":{"line":88,"column":24}}},"fnMap":{"0":{"name":"(anonymous_0)","decl":{"start":{"line":15,"column":16},"end":{"line":15,"column":17}},"loc":{"start":{"line":15,"column":36},"end":{"line":21,"column":1}},"line":15},"1":{"name":"(anonymous_1)","decl":{"start":{"line":22,"column":37},"end":{"line":22,"column":38}},"loc":{"start":{"line":22,"column":57},"end":{"line":27,"column":1}},"line":22},"2":{"name":"(anonymous_2)","decl":{"start":{"line":29,"column":23},"end":{"line":29,"column":24}},"loc":{"start":{"line":29,"column":43},"end":{"line":50,"column":1}},"line":29},"3":{"name":"(anonymous_3)","decl":{"start":{"line":52,"column":43},"end":{"line":52,"column":44}},"loc":{"start":{"line":52,"column":63},"end":{"line":79,"column":1}},"line":52},"4":{"name":"(anonymous_4)","decl":{"start":{"line":80,"column":57},"end":{"line":80,"column":58}},"loc":{"start":{"line":80,"column":77},"end":{"line":87,"column":1}},"line":80}},"branchMap":{"0":{"loc":{"start":{"line":17,"column":2},"end":{"line":19,"column":3}},"type":"if","locations":[{"start":{"line":17,"column":2},"end":{"line":19,"column":3}},{"start":{},"end":{}}],"line":17},"1":{"loc":{"start":{"line":17,"column":6},"end":{"line":17,"column":34}},"type":"binary-expr","locations":[{"start":{"line":17,"column":6},"end":{"line":17,"column":12}},{"start":{"line":17,"column":16},"end":{"line":17,"column":34}}],"line":17},"2":{"loc":{"start":{"line":25,"column":2},"end":{"line":25,"column":61}},"type":"if","locations":[{"start":{"line":25,"column":2},"end":{"line":25,"column":61}},{"start":{},"end":{}}],"line":25},"3":{"loc":{"start":{"line":32,"column":2},"end":{"line":34,"column":3}},"type":"if","locations":[{"start":{"line":32,"column":2},"end":{"line":34,"column":3}},{"start":{},"end":{}}],"line":32},"4":{"loc":{"start":{"line":37,"column":2},"end":{"line":37,"column":66}},"type":"if","locations":[{"start":{"line":37,"column":2},"end":{"line":37,"column":66}},{"start":{},"end":{}}],"line":37},"5":{"loc":{"start":{"line":55,"column":2},"end":{"line":57,"column":3}},"type":"if","locations":[{"start":{"line":55,"column":2},"end":{"line":57,"column":3}},{"start":{},"end":{}}],"line":55},"6":{"loc":{"start":{"line":59,"column":2},"end":{"line":59,"column":66}},"type":"if","locations":[{"start":{"line":59,"column":2},"end":{"line":59,"column":66}},{"start":{},"end":{}}],"line":59},"7":{"loc":{"start":{"line":75,"column":2},"end":{"line":77,"column":3}},"type":"if","locations":[{"start":{"line":75,"column":2},"end":{"line":77,"column":3}},{"start":{},"end":{}}],"line":75},"8":{"loc":{"start":{"line":83,"column":2},"end":{"line":85,"column":3}},"type":"if","locations":[{"start":{"line":83,"column":2},"end":{"line":85,"column":3}},{"start":{},"end":{}}],"line":83}},"s":{"0":7,"1":7,"2":7,"3":7,"4":7,"5":7,"6":7,"7":7,"8":7,"9":7,"10":3,"11":3,"12":1,"13":2,"14":7,"15":3,"16":3,"17":3,"18":1,"19":2,"20":7,"21":18,"22":18,"23":3,"24":15,"25":15,"26":0,"27":15,"28":15,"29":15,"30":7,"31":5,"32":5,"33":5,"34":3,"35":2,"36":2,"37":0,"38":2,"39":2,"40":0,"41":2,"42":7,"43":2,"44":2,"45":2,"46":1,"47":1,"48":7},"f":{"0":3,"1":3,"2":18,"3":5,"4":2},"b":{"0":[1,2],"1":[3,3],"2":[1,2],"3":[3,15],"4":[0,15],"5":[3,2],"6":[0,2],"7":[0,2],"8":[1,1]},"_coverageSchema":"1a1c01bbd47fc00a2c39e90264f33305004495a9","hash":"d92ce448f98a350a5faa4026468b47a15c7dd144"}
,"C:\\Users\\PeterK\\Desktop\\Mudik\\movie_rental\\routes\\rentalRoutes.js": {"path":"C:\\Users\\PeterK\\Desktop\\Mudik\\movie_rental\\routes\\rentalRoutes.js","statementMap":{"0":{"start":{"line":1,"column":16},"end":{"line":1,"column":34}},"1":{"start":{"line":2,"column":15},"end":{"line":2,"column":31}},"2":{"start":{"line":3,"column":43},"end":{"line":3,"column":75}},"3":{"start":{"line":4,"column":21},"end":{"line":4,"column":55}},"4":{"start":{"line":5,"column":18},"end":{"line":5,"column":49}},"5":{"start":{"line":6,"column":13},"end":{"line":6,"column":42}},"6":{"start":{"line":7,"column":18},"end":{"line":7,"column":52}},"7":{"start":{"line":8,"column":25},"end":{"line":8,"column":66}},"8":{"start":{"line":10,"column":0},"end":{"line":16,"column":3}},"9":{"start":{"line":11,"column":18},"end":{"line":11,"column":40}},"10":{"start":{"line":12,"column":2},"end":{"line":14,"column":3}},"11":{"start":{"line":13,"column":4},"end":{"line":13,"column":50}},"12":{"start":{"line":15,"column":2},"end":{"line":15,"column":20}},"13":{"start":{"line":17,"column":0},"end":{"line":24,"column":3}},"14":{"start":{"line":18,"column":14},"end":{"line":18,"column":27}},"15":{"start":{"line":19,"column":17},"end":{"line":19,"column":48}},"16":{"start":{"line":20,"column":2},"end":{"line":22,"column":3}},"17":{"start":{"line":21,"column":4},"end":{"line":21,"column":50}},"18":{"start":{"line":23,"column":2},"end":{"line":23,"column":19}},"19":{"start":{"line":25,"column":0},"end":{"line":66,"column":3}},"20":{"start":{"line":26,"column":20},"end":{"line":26,"column":51}},"21":{"start":{"line":27,"column":2},"end":{"line":29,"column":3}},"22":{"start":{"line":28,"column":4},"end":{"line":28,"column":58}},"23":{"start":{"line":30,"column":16},"end":{"line":30,"column":52}},"24":{"start":{"line":31,"column":19},"end":{"line":31,"column":61}},"25":{"start":{"line":32,"column":2},"end":{"line":34,"column":3}},"26":{"start":{"line":33,"column":4},"end":{"line":33,"column":63}},"27":{"start":{"line":35,"column":2},"end":{"line":36,"column":54}},"28":{"start":{"line":36,"column":4},"end":{"line":36,"column":54}},"29":{"start":{"line":38,"column":17},"end":{"line":50,"column":4}},"30":{"start":{"line":51,"column":18},"end":{"line":51,"column":46}},"31":{"start":{"line":52,"column":2},"end":{"line":52,"column":29}},"32":{"start":{"line":53,"column":2},"end":{"line":65,"column":3}},"33":{"start":{"line":54,"column":4},"end":{"line":54,"column":24}},"34":{"start":{"line":55,"column":4},"end":{"line":57,"column":7}},"35":{"start":{"line":58,"column":4},"end":{"line":58,"column":32}},"36":{"start":{"line":59,"column":4},"end":{"line":59,"column":25}},"37":{"start":{"line":60,"column":4},"end":{"line":60,"column":21}},"38":{"start":{"line":62,"column":4},"end":{"line":62,"column":31}},"39":{"start":{"line":63,"column":4},"end":{"line":63,"column":25}},"40":{"start":{"line":64,"column":4},"end":{"line":64,"column":52}},"41":{"start":{"line":68,"column":0},"end":{"line":98,"column":3}},"42":{"start":{"line":69,"column":14},"end":{"line":69,"column":27}},"43":{"start":{"line":70,"column":18},"end":{"line":70,"column":46}},"44":{"start":{"line":71,"column":2},"end":{"line":71,"column":29}},"45":{"start":{"line":72,"column":2},"end":{"line":97,"column":3}},"46":{"start":{"line":73,"column":19},"end":{"line":81,"column":5}},"47":{"start":{"line":82,"column":4},"end":{"line":84,"column":5}},"48":{"start":{"line":83,"column":6},"end":{"line":83,"column":61}},"49":{"start":{"line":85,"column":16},"end":{"line":85,"column":32}},"50":{"start":{"line":86,"column":4},"end":{"line":88,"column":7}},"51":{"start":{"line":90,"column":4},"end":{"line":90,"column":32}},"52":{"start":{"line":91,"column":4},"end":{"line":91,"column":25}},"53":{"start":{"line":92,"column":4},"end":{"line":92,"column":21}},"54":{"start":{"line":94,"column":4},"end":{"line":94,"column":31}},"55":{"start":{"line":95,"column":4},"end":{"line":95,"column":25}},"56":{"start":{"line":96,"column":4},"end":{"line":96,"column":39}},"57":{"start":{"line":100,"column":0},"end":{"line":119,"column":3}},"58":{"start":{"line":101,"column":18},"end":{"line":101,"column":46}},"59":{"start":{"line":102,"column":2},"end":{"line":102,"column":29}},"60":{"start":{"line":103,"column":2},"end":{"line":118,"column":3}},"61":{"start":{"line":104,"column":19},"end":{"line":104,"column":65}},"62":{"start":{"line":105,"column":4},"end":{"line":107,"column":5}},"63":{"start":{"line":106,"column":6},"end":{"line":106,"column":74}},"64":{"start":{"line":108,"column":4},"end":{"line":110,"column":7}},"65":{"start":{"line":111,"column":4},"end":{"line":111,"column":31}},"66":{"start":{"line":112,"column":4},"end":{"line":112,"column":25}},"67":{"start":{"line":113,"column":4},"end":{"line":113,"column":21}},"68":{"start":{"line":115,"column":4},"end":{"line":115,"column":20}},"69":{"start":{"line":116,"column":4},"end":{"line":116,"column":31}},"70":{"start":{"line":117,"column":4},"end":{"line":117,"column":25}},"71":{"start":{"line":120,"column":0},"end":{"line":120,"column":24}}},"fnMap":{"0":{"name":"(anonymous_0)","decl":{"start":{"line":10,"column":16},"end":{"line":10,"column":17}},"loc":{"start":{"line":10,"column":36},"end":{"line":16,"column":1}},"line":10},"1":{"name":"(anonymous_1)","decl":{"start":{"line":17,"column":37},"end":{"line":17,"column":38}},"loc":{"start":{"line":17,"column":57},"end":{"line":24,"column":1}},"line":17},"2":{"name":"(anonymous_2)","decl":{"start":{"line":25,"column":23},"end":{"line":25,"column":24}},"loc":{"start":{"line":25,"column":43},"end":{"line":66,"column":1}},"line":25},"3":{"name":"(anonymous_3)","decl":{"start":{"line":68,"column":45},"end":{"line":68,"column":46}},"loc":{"start":{"line":68,"column":65},"end":{"line":98,"column":1}},"line":68},"4":{"name":"(anonymous_4)","decl":{"start":{"line":100,"column":57},"end":{"line":100,"column":58}},"loc":{"start":{"line":100,"column":77},"end":{"line":119,"column":1}},"line":100}},"branchMap":{"0":{"loc":{"start":{"line":12,"column":2},"end":{"line":14,"column":3}},"type":"if","locations":[{"start":{"line":12,"column":2},"end":{"line":14,"column":3}},{"start":{},"end":{}}],"line":12},"1":{"loc":{"start":{"line":12,"column":6},"end":{"line":12,"column":37}},"type":"binary-expr","locations":[{"start":{"line":12,"column":6},"end":{"line":12,"column":14}},{"start":{"line":12,"column":18},"end":{"line":12,"column":37}}],"line":12},"2":{"loc":{"start":{"line":20,"column":2},"end":{"line":22,"column":3}},"type":"if","locations":[{"start":{"line":20,"column":2},"end":{"line":22,"column":3}},{"start":{},"end":{}}],"line":20},"3":{"loc":{"start":{"line":27,"column":2},"end":{"line":29,"column":3}},"type":"if","locations":[{"start":{"line":27,"column":2},"end":{"line":29,"column":3}},{"start":{},"end":{}}],"line":27},"4":{"loc":{"start":{"line":32,"column":2},"end":{"line":34,"column":3}},"type":"if","locations":[{"start":{"line":32,"column":2},"end":{"line":34,"column":3}},{"start":{},"end":{}}],"line":32},"5":{"loc":{"start":{"line":32,"column":6},"end":{"line":32,"column":25}},"type":"binary-expr","locations":[{"start":{"line":32,"column":6},"end":{"line":32,"column":12}},{"start":{"line":32,"column":16},"end":{"line":32,"column":25}}],"line":32},"6":{"loc":{"start":{"line":35,"column":2},"end":{"line":36,"column":54}},"type":"if","locations":[{"start":{"line":35,"column":2},"end":{"line":36,"column":54}},{"start":{},"end":{}}],"line":35},"7":{"loc":{"start":{"line":82,"column":4},"end":{"line":84,"column":5}},"type":"if","locations":[{"start":{"line":82,"column":4},"end":{"line":84,"column":5}},{"start":{},"end":{}}],"line":82},"8":{"loc":{"start":{"line":105,"column":4},"end":{"line":107,"column":5}},"type":"if","locations":[{"start":{"line":105,"column":4},"end":{"line":107,"column":5}},{"start":{},"end":{}}],"line":105}},"s":{"0":7,"1":7,"2":7,"3":7,"4":7,"5":7,"6":7,"7":7,"8":7,"9":2,"10":2,"11":0,"12":2,"13":7,"14":4,"15":4,"16":4,"17":2,"18":2,"19":7,"20":9,"21":9,"22":2,"23":7,"24":7,"25":7,"26":0,"27":7,"28":1,"29":6,"30":6,"31":6,"32":6,"33":6,"34":6,"35":6,"36":6,"37":6,"38":0,"39":0,"40":0,"41":7,"42":1,"43":1,"44":1,"45":1,"46":1,"47":1,"48":0,"49":1,"50":1,"51":1,"52":1,"53":1,"54":0,"55":0,"56":0,"57":7,"58":0,"59":0,"60":0,"61":0,"62":0,"63":0,"64":0,"65":0,"66":0,"67":0,"68":0,"69":0,"70":0,"71":7},"f":{"0":2,"1":4,"2":9,"3":1,"4":0},"b":{"0":[0,2],"1":[2,2],"2":[2,2],"3":[2,7],"4":[0,7],"5":[7,7],"6":[1,6],"7":[0,1],"8":[0,0]},"_coverageSchema":"1a1c01bbd47fc00a2c39e90264f33305004495a9","hash":"db99b4aab05ee25eb8889c6095da50b5ef92f98c"}
,"C:\\Users\\PeterK\\Desktop\\Mudik\\movie_rental\\routes\\userRoutes.js": {"path":"C:\\Users\\PeterK\\Desktop\\Mudik\\movie_rental\\routes\\userRoutes.js","statementMap":{"0":{"start":{"line":1,"column":16},"end":{"line":1,"column":34}},"1":{"start":{"line":2,"column":12},"end":{"line":2,"column":43}},"2":{"start":{"line":3,"column":10},"end":{"line":3,"column":27}},"3":{"start":{"line":4,"column":15},"end":{"line":4,"column":32}},"4":{"start":{"line":5,"column":15},"end":{"line":5,"column":31}},"5":{"start":{"line":6,"column":39},"end":{"line":6,"column":69}},"6":{"start":{"line":7,"column":13},"end":{"line":7,"column":42}},"7":{"start":{"line":8,"column":18},"end":{"line":8,"column":52}},"8":{"start":{"line":9,"column":25},"end":{"line":9,"column":66}},"9":{"start":{"line":10,"column":29},"end":{"line":10,"column":57}},"10":{"start":{"line":11,"column":0},"end":{"line":17,"column":3}},"11":{"start":{"line":12,"column":16},"end":{"line":12,"column":34}},"12":{"start":{"line":13,"column":2},"end":{"line":15,"column":3}},"13":{"start":{"line":14,"column":4},"end":{"line":14,"column":42}},"14":{"start":{"line":16,"column":2},"end":{"line":16,"column":18}},"15":{"start":{"line":18,"column":0},"end":{"line":25,"column":3}},"16":{"start":{"line":19,"column":14},"end":{"line":19,"column":27}},"17":{"start":{"line":20,"column":15},"end":{"line":20,"column":44}},"18":{"start":{"line":21,"column":2},"end":{"line":23,"column":3}},"19":{"start":{"line":22,"column":4},"end":{"line":22,"column":42}},"20":{"start":{"line":24,"column":2},"end":{"line":24,"column":17}},"21":{"start":{"line":26,"column":0},"end":{"line":51,"column":3}},"22":{"start":{"line":27,"column":20},"end":{"line":27,"column":49}},"23":{"start":{"line":28,"column":2},"end":{"line":30,"column":3}},"24":{"start":{"line":29,"column":4},"end":{"line":29,"column":63}},"25":{"start":{"line":31,"column":13},"end":{"line":31,"column":59}},"26":{"start":{"line":32,"column":2},"end":{"line":34,"column":3}},"27":{"start":{"line":33,"column":4},"end":{"line":33,"column":56}},"28":{"start":{"line":35,"column":2},"end":{"line":50,"column":5}},"29":{"start":{"line":36,"column":4},"end":{"line":49,"column":7}},"30":{"start":{"line":37,"column":6},"end":{"line":39,"column":7}},"31":{"start":{"line":38,"column":8},"end":{"line":38,"column":69}},"32":{"start":{"line":40,"column":6},"end":{"line":45,"column":9}},"33":{"start":{"line":46,"column":6},"end":{"line":46,"column":24}},"34":{"start":{"line":47,"column":6},"end":{"line":47,"column":66}},"35":{"start":{"line":53,"column":0},"end":{"line":59,"column":3}},"36":{"start":{"line":54,"column":15},"end":{"line":54,"column":59}},"37":{"start":{"line":55,"column":2},"end":{"line":57,"column":3}},"38":{"start":{"line":56,"column":4},"end":{"line":56,"column":43}},"39":{"start":{"line":58,"column":2},"end":{"line":58,"column":17}},"40":{"start":{"line":60,"column":0},"end":{"line":60,"column":24}}},"fnMap":{"0":{"name":"(anonymous_0)","decl":{"start":{"line":11,"column":16},"end":{"line":11,"column":17}},"loc":{"start":{"line":11,"column":36},"end":{"line":17,"column":1}},"line":11},"1":{"name":"(anonymous_1)","decl":{"start":{"line":18,"column":37},"end":{"line":18,"column":38}},"loc":{"start":{"line":18,"column":57},"end":{"line":25,"column":1}},"line":18},"2":{"name":"(anonymous_2)","decl":{"start":{"line":26,"column":17},"end":{"line":26,"column":18}},"loc":{"start":{"line":26,"column":37},"end":{"line":51,"column":1}},"line":26},"3":{"name":"(anonymous_3)","decl":{"start":{"line":35,"column":21},"end":{"line":35,"column":22}},"loc":{"start":{"line":35,"column":48},"end":{"line":50,"column":3}},"line":35},"4":{"name":"(anonymous_4)","decl":{"start":{"line":36,"column":41},"end":{"line":36,"column":42}},"loc":{"start":{"line":36,"column":68},"end":{"line":49,"column":5}},"line":36},"5":{"name":"(anonymous_5)","decl":{"start":{"line":53,"column":40},"end":{"line":53,"column":41}},"loc":{"start":{"line":53,"column":60},"end":{"line":59,"column":1}},"line":53}},"branchMap":{"0":{"loc":{"start":{"line":13,"column":2},"end":{"line":15,"column":3}},"type":"if","locations":[{"start":{"line":13,"column":2},"end":{"line":15,"column":3}},{"start":{},"end":{}}],"line":13},"1":{"loc":{"start":{"line":13,"column":6},"end":{"line":13,"column":33}},"type":"binary-expr","locations":[{"start":{"line":13,"column":6},"end":{"line":13,"column":12}},{"start":{"line":13,"column":16},"end":{"line":13,"column":33}}],"line":13},"2":{"loc":{"start":{"line":21,"column":2},"end":{"line":23,"column":3}},"type":"if","locations":[{"start":{"line":21,"column":2},"end":{"line":23,"column":3}},{"start":{},"end":{}}],"line":21},"3":{"loc":{"start":{"line":21,"column":6},"end":{"line":21,"column":31}},"type":"binary-expr","locations":[{"start":{"line":21,"column":6},"end":{"line":21,"column":11}},{"start":{"line":21,"column":15},"end":{"line":21,"column":31}}],"line":21},"4":{"loc":{"start":{"line":28,"column":2},"end":{"line":30,"column":3}},"type":"if","locations":[{"start":{"line":28,"column":2},"end":{"line":30,"column":3}},{"start":{},"end":{}}],"line":28},"5":{"loc":{"start":{"line":32,"column":2},"end":{"line":34,"column":3}},"type":"if","locations":[{"start":{"line":32,"column":2},"end":{"line":34,"column":3}},{"start":{},"end":{}}],"line":32},"6":{"loc":{"start":{"line":37,"column":6},"end":{"line":39,"column":7}},"type":"if","locations":[{"start":{"line":37,"column":6},"end":{"line":39,"column":7}},{"start":{},"end":{}}],"line":37},"7":{"loc":{"start":{"line":55,"column":2},"end":{"line":57,"column":3}},"type":"if","locations":[{"start":{"line":55,"column":2},"end":{"line":57,"column":3}},{"start":{},"end":{}}],"line":55},"8":{"loc":{"start":{"line":55,"column":6},"end":{"line":55,"column":31}},"type":"binary-expr","locations":[{"start":{"line":55,"column":6},"end":{"line":55,"column":11}},{"start":{"line":55,"column":15},"end":{"line":55,"column":31}}],"line":55}},"s":{"0":7,"1":7,"2":7,"3":7,"4":7,"5":7,"6":7,"7":7,"8":7,"9":7,"10":7,"11":1,"12":1,"13":0,"14":1,"15":7,"16":3,"17":3,"18":3,"19":2,"20":3,"21":7,"22":14,"23":14,"24":2,"25":12,"26":12,"27":1,"28":11,"29":11,"30":11,"31":0,"32":11,"33":11,"34":11,"35":7,"36":3,"37":3,"38":1,"39":3,"40":7},"f":{"0":1,"1":3,"2":14,"3":11,"4":11,"5":3},"b":{"0":[0,1],"1":[1,1],"2":[2,1],"3":[3,1],"4":[2,12],"5":[1,11],"6":[0,11],"7":[1,2],"8":[3,2]},"_coverageSchema":"1a1c01bbd47fc00a2c39e90264f33305004495a9","hash":"4d69fad052ec161871c568800015079cecf48dd8"}
,"C:\\Users\\PeterK\\Desktop\\Mudik\\movie_rental\\startup\\config.js": {"path":"C:\\Users\\PeterK\\Desktop\\Mudik\\movie_rental\\startup\\config.js","statementMap":{"0":{"start":{"line":1,"column":15},"end":{"line":1,"column":32}},"1":{"start":{"line":2,"column":0},"end":{"line":7,"column":2}},"2":{"start":{"line":3,"column":2},"end":{"line":6,"column":3}},"3":{"start":{"line":4,"column":4},"end":{"line":4,"column":31}},"4":{"start":{"line":5,"column":4},"end":{"line":5,"column":20}}},"fnMap":{"0":{"name":"(anonymous_0)","decl":{"start":{"line":2,"column":17},"end":{"line":2,"column":18}},"loc":{"start":{"line":2,"column":29},"end":{"line":7,"column":1}},"line":2}},"branchMap":{"0":{"loc":{"start":{"line":3,"column":2},"end":{"line":6,"column":3}},"type":"if","locations":[{"start":{"line":3,"column":2},"end":{"line":6,"column":3}},{"start":{},"end":{}}],"line":3}},"s":{"0":7,"1":7,"2":7,"3":0,"4":0},"f":{"0":7},"b":{"0":[0,7]},"_coverageSchema":"1a1c01bbd47fc00a2c39e90264f33305004495a9","hash":"e5f5db5cd9a0af98b8ddf019a4c76a236b436d9f"}
,"C:\\Users\\PeterK\\Desktop\\Mudik\\movie_rental\\startup\\db.js": {"path":"C:\\Users\\PeterK\\Desktop\\Mudik\\movie_rental\\startup\\db.js","statementMap":{"0":{"start":{"line":1,"column":17},"end":{"line":1,"column":36}},"1":{"start":{"line":2,"column":15},"end":{"line":2,"column":32}},"2":{"start":{"line":3,"column":0},"end":{"line":12,"column":2}},"3":{"start":{"line":4,"column":2},"end":{"line":11,"column":7}},"4":{"start":{"line":10,"column":6},"end":{"line":10,"column":25}}},"fnMap":{"0":{"name":"(anonymous_0)","decl":{"start":{"line":3,"column":17},"end":{"line":3,"column":18}},"loc":{"start":{"line":3,"column":29},"end":{"line":12,"column":1}},"line":3},"1":{"name":"(anonymous_1)","decl":{"start":{"line":6,"column":10},"end":{"line":6,"column":11}},"loc":{"start":{"line":6,"column":18},"end":{"line":8,"column":5}},"line":6},"2":{"name":"(anonymous_2)","decl":{"start":{"line":9,"column":11},"end":{"line":9,"column":12}},"loc":{"start":{"line":9,"column":22},"end":{"line":11,"column":5}},"line":9}},"branchMap":{},"s":{"0":7,"1":7,"2":7,"3":7,"4":0},"f":{"0":7,"1":7,"2":0},"b":{},"_coverageSchema":"1a1c01bbd47fc00a2c39e90264f33305004495a9","hash":"fd42d48ee1809060b8b34b5ce2689c5dc90309f3"}
,"C:\\Users\\PeterK\\Desktop\\Mudik\\movie_rental\\startup\\logging.js": {"path":"C:\\Users\\PeterK\\Desktop\\Mudik\\movie_rental\\startup\\logging.js","statementMap":{"0":{"start":{"line":1,"column":16},"end":{"line":1,"column":34}},"1":{"start":{"line":2,"column":0},"end":{"line":2,"column":32}},"2":{"start":{"line":3,"column":0},"end":{"line":10,"column":2}},"3":{"start":{"line":4,"column":2},"end":{"line":9,"column":5}},"4":{"start":{"line":12,"column":0},"end":{"line":15,"column":3}},"5":{"start":{"line":13,"column":2},"end":{"line":13,"column":67}},"6":{"start":{"line":14,"column":2},"end":{"line":14,"column":18}},"7":{"start":{"line":16,"column":0},"end":{"line":19,"column":3}},"8":{"start":{"line":17,"column":2},"end":{"line":17,"column":79}},"9":{"start":{"line":18,"column":2},"end":{"line":18,"column":18}}},"fnMap":{"0":{"name":"(anonymous_0)","decl":{"start":{"line":3,"column":17},"end":{"line":3,"column":18}},"loc":{"start":{"line":3,"column":29},"end":{"line":10,"column":1}},"line":3},"1":{"name":"(anonymous_1)","decl":{"start":{"line":12,"column":32},"end":{"line":12,"column":33}},"loc":{"start":{"line":12,"column":47},"end":{"line":15,"column":1}},"line":12},"2":{"name":"(anonymous_2)","decl":{"start":{"line":16,"column":33},"end":{"line":16,"column":34}},"loc":{"start":{"line":16,"column":48},"end":{"line":19,"column":1}},"line":16}},"branchMap":{},"s":{"0":7,"1":7,"2":7,"3":7,"4":7,"5":0,"6":0,"7":7,"8":0,"9":0},"f":{"0":7,"1":0,"2":0},"b":{},"_coverageSchema":"1a1c01bbd47fc00a2c39e90264f33305004495a9","hash":"551b0f5af7919f16b6ea57e4c881b7405e4a3043"}
,"C:\\Users\\PeterK\\Desktop\\Mudik\\movie_rental\\startup\\routes.js": {"path":"C:\\Users\\PeterK\\Desktop\\Mudik\\movie_rental\\startup\\routes.js","statementMap":{"0":{"start":{"line":1,"column":16},"end":{"line":1,"column":34}},"1":{"start":{"line":2,"column":21},"end":{"line":2,"column":54}},"2":{"start":{"line":3,"column":23},"end":{"line":3,"column":58}},"3":{"start":{"line":4,"column":20},"end":{"line":4,"column":52}},"4":{"start":{"line":5,"column":21},"end":{"line":5,"column":54}},"5":{"start":{"line":6,"column":19},"end":{"line":6,"column":50}},"6":{"start":{"line":7,"column":20},"end":{"line":7,"column":51}},"7":{"start":{"line":8,"column":14},"end":{"line":8,"column":44}},"8":{"start":{"line":9,"column":0},"end":{"line":18,"column":2}},"9":{"start":{"line":10,"column":2},"end":{"line":10,"column":26}},"10":{"start":{"line":11,"column":2},"end":{"line":11,"column":39}},"11":{"start":{"line":12,"column":2},"end":{"line":12,"column":44}},"12":{"start":{"line":13,"column":2},"end":{"line":13,"column":38}},"13":{"start":{"line":14,"column":2},"end":{"line":14,"column":40}},"14":{"start":{"line":15,"column":2},"end":{"line":15,"column":36}},"15":{"start":{"line":16,"column":2},"end":{"line":16,"column":37}},"16":{"start":{"line":17,"column":2},"end":{"line":17,"column":17}}},"fnMap":{"0":{"name":"(anonymous_0)","decl":{"start":{"line":9,"column":17},"end":{"line":9,"column":18}},"loc":{"start":{"line":9,"column":32},"end":{"line":18,"column":1}},"line":9}},"branchMap":{},"s":{"0":7,"1":7,"2":7,"3":7,"4":7,"5":7,"6":7,"7":7,"8":7,"9":7,"10":7,"11":7,"12":7,"13":7,"14":7,"15":7,"16":7},"f":{"0":7},"b":{},"_coverageSchema":"1a1c01bbd47fc00a2c39e90264f33305004495a9","hash":"5def6e2de21c980192f3aa67464060888bfb38b2"}
}
