TN:
SF:app.js
FNF:0
FNH:0
DA:1,7
DA:2,7
DA:3,7
DA:4,7
DA:5,7
DA:6,7
DA:8,7
DA:9,0
DA:12,7
LF:9
LH:8
BRDA:8,0,0,0
BRDA:8,0,1,7
BRF:2
BRH:1
end_of_record
TN:
SF:emails\account.js
FN:4,(anonymous_0)
FN:12,(anonymous_1)
FN:15,(anonymous_2)
FNF:3
FNH:0
FNDA:0,(anonymous_0)
FNDA:0,(anonymous_1)
FNDA:0,(anonymous_2)
DA:1,7
DA:2,7
DA:3,7
DA:4,7
DA:5,0
DA:13,0
DA:16,0
DA:20,7
LF:8
LH:5
BRF:0
BRH:0
end_of_record
TN:
SF:middleware\adminAuth.js
FN:1,(anonymous_0)
FNF:1
FNH:1
FNDA:7,(anonymous_0)
DA:1,7
DA:2,7
DA:3,5
LF:3
LH:3
BRDA:2,0,0,2
BRDA:2,0,1,5
BRF:2
BRH:2
end_of_record
TN:
SF:middleware\auth.js
FN:3,(anonymous_0)
FNF:1
FNH:1
FNDA:68,(anonymous_0)
DA:1,7
DA:2,7
DA:3,7
DA:4,68
DA:5,68
DA:6,9
DA:8,59
DA:9,59
DA:10,58
DA:11,58
DA:13,1
LF:11
LH:11
BRDA:5,0,0,9
BRDA:5,0,1,59
BRF:2
BRH:2
end_of_record
TN:
SF:middleware\error.js
FN:2,(anonymous_0)
FNF:1
FNH:1
FNDA:9,(anonymous_0)
DA:1,7
DA:2,7
DA:3,9
DA:4,9
LF:4
LH:4
BRF:0
BRH:0
end_of_record
TN:
SF:middleware\validateObjectId.js
FN:2,(anonymous_0)
FNF:1
FNH:1
FNDA:49,(anonymous_0)
DA:1,7
DA:2,7
DA:3,49
DA:4,11
DA:6,38
LF:5
LH:5
BRDA:3,0,0,11
BRDA:3,0,1,38
BRF:2
BRH:2
end_of_record
TN:
SF:models\customerModel.js
FN:25,customerInputValidation
FN:33,customerInputValidationPATCH
FNF:2
FNH:1
FNDA:7,customerInputValidation
FNDA:0,customerInputValidationPATCH
DA:1,7
DA:2,7
DA:5,7
DA:24,7
DA:26,7
DA:31,7
DA:34,0
DA:39,0
DA:42,7
DA:43,7
DA:44,7
DA:45,7
LF:12
LH:10
BRF:0
BRH:0
end_of_record
TN:
SF:models\genreModel.js
FN:13,genreInputValidation
FNF:1
FNH:1
FNDA:11,genreInputValidation
DA:1,7
DA:2,7
DA:4,7
DA:14,11
DA:17,11
DA:21,7
DA:22,7
DA:23,7
DA:24,7
LF:9
LH:9
BRF:0
BRH:0
end_of_record
TN:
SF:models\movieModel
FN:28,movieInputValidation
FNF:1
FNH:1
FNDA:23,movieInputValidation
DA:1,7
DA:2,7
DA:3,7
DA:4,7
DA:5,7
DA:6,7
DA:29,23
DA:35,23
DA:38,7
DA:39,7
DA:40,7
DA:41,7
LF:12
LH:12
BRF:0
BRH:0
end_of_record
TN:
SF:models\rentalModel.js
FN:54,rentalInputValidation
FNF:1
FNH:1
FNDA:9,rentalInputValidation
DA:1,7
DA:2,7
DA:4,7
DA:5,7
DA:6,7
DA:55,9
DA:59,9
DA:61,7
DA:62,7
DA:63,7
DA:64,7
LF:11
LH:11
BRF:0
BRH:0
end_of_record
TN:
SF:models\userModel.js
FN:33,(anonymous_0)
FN:39,userInputValidation
FNF:2
FNH:2
FNDA:43,(anonymous_0)
FNDA:14,userInputValidation
DA:1,7
DA:2,7
DA:3,7
DA:4,7
DA:5,7
DA:6,7
DA:7,7
DA:8,7
DA:9,7
DA:10,7
DA:33,7
DA:34,43
DA:40,14
DA:55,14
DA:58,7
DA:59,7
DA:60,7
DA:61,7
LF:18
LH:18
BRF:0
BRH:0
end_of_record
TN:
SF:routes\customerRoutes.js
FN:12,(anonymous_0)
FN:20,(anonymous_1)
FN:26,(anonymous_2)
FN:40,(anonymous_3)
FN:90,(anonymous_4)
FNF:5
FNH:2
FNDA:1,(anonymous_0)
FNDA:0,(anonymous_1)
FNDA:7,(anonymous_2)
FNDA:0,(anonymous_3)
FNDA:0,(anonymous_4)
DA:1,7
DA:2,7
DA:3,7
DA:8,7
DA:9,7
DA:10,7
DA:12,7
DA:13,1
DA:14,1
DA:15,0
DA:17,1
DA:20,7
DA:21,0
DA:22,0
DA:23,0
DA:24,0
DA:26,7
DA:27,7
DA:28,7
DA:29,0
DA:31,7
DA:36,7
DA:37,7
DA:40,7
DA:41,0
DA:42,0
DA:43,0
DA:44,0
DA:46,0
DA:57,0
DA:58,0
DA:60,0
DA:90,7
DA:91,0
DA:92,0
DA:93,0
DA:94,0
DA:96,0
DA:99,7
LF:39
LH:20
BRDA:14,0,0,0
BRDA:14,0,1,1
BRDA:23,1,0,0
BRDA:23,1,1,0
BRDA:28,2,0,0
BRDA:28,2,1,7
BRDA:43,3,0,0
BRDA:43,3,1,0
BRDA:57,4,0,0
BRDA:57,4,1,0
BRDA:93,5,0,0
BRDA:93,5,1,0
BRF:12
BRH:2
end_of_record
TN:
SF:routes\genresRoutes.js
FN:8,(anonymous_0)
FN:16,(anonymous_1)
FN:24,(anonymous_2)
FN:37,(anonymous_3)
FN:68,(anonymous_4)
FNF:5
FNH:5
FNDA:3,(anonymous_0)
FNDA:1,(anonymous_1)
FNDA:5,(anonymous_2)
FNDA:6,(anonymous_3)
FNDA:3,(anonymous_4)
DA:1,7
DA:2,7
DA:3,7
DA:4,7
DA:5,7
DA:6,7
DA:8,7
DA:9,3
DA:10,3
DA:11,2
DA:13,1
DA:16,7
DA:17,1
DA:18,1
DA:19,1
DA:20,1
DA:24,7
DA:25,5
DA:26,5
DA:27,2
DA:29,5
DA:32,5
DA:33,4
DA:37,7
DA:38,6
DA:39,6
DA:40,6
DA:41,2
DA:43,4
DA:48,4
DA:49,1
DA:51,3
DA:68,7
DA:69,3
DA:71,3
DA:72,3
DA:73,1
DA:75,2
DA:78,7
LF:39
LH:39
BRDA:10,0,0,2
BRDA:10,0,1,1
BRDA:19,1,0,0
BRDA:19,1,1,1
BRDA:26,2,0,2
BRDA:26,2,1,3
BRDA:40,3,0,2
BRDA:40,3,1,4
BRDA:48,4,0,1
BRDA:48,4,1,3
BRDA:72,5,0,1
BRDA:72,5,1,2
BRF:12
BRH:11
end_of_record
TN:
SF:routes\loginRoute.js
FN:8,(anonymous_0)
FN:24,validateLogin
FNF:2
FNH:2
FNDA:6,(anonymous_0)
FNDA:6,validateLogin
DA:1,7
DA:2,7
DA:3,7
DA:4,7
DA:5,7
DA:6,7
DA:8,7
DA:9,6
DA:10,6
DA:11,2
DA:13,4
DA:14,4
DA:15,1
DA:17,3
DA:18,3
DA:19,1
DA:21,2
DA:22,2
DA:25,6
DA:29,6
DA:31,7
LF:21
LH:21
BRDA:10,0,0,2
BRDA:10,0,1,4
BRDA:14,1,0,1
BRDA:14,1,1,3
BRDA:18,2,0,1
BRDA:18,2,1,2
BRF:6
BRH:6
end_of_record
TN:
SF:routes\movieRoutes.js
FN:15,(anonymous_0)
FN:22,(anonymous_1)
FN:29,(anonymous_2)
FN:52,(anonymous_3)
FN:80,(anonymous_4)
FNF:5
FNH:5
FNDA:3,(anonymous_0)
FNDA:3,(anonymous_1)
FNDA:18,(anonymous_2)
FNDA:5,(anonymous_3)
FNDA:2,(anonymous_4)
DA:1,7
DA:2,7
DA:3,7
DA:4,7
DA:9,7
DA:10,7
DA:11,7
DA:12,7
DA:13,7
DA:15,7
DA:16,3
DA:17,3
DA:18,1
DA:20,2
DA:22,7
DA:23,3
DA:24,3
DA:25,3
DA:26,2
DA:29,7
DA:30,18
DA:32,18
DA:33,3
DA:36,15
DA:37,15
DA:39,15
DA:48,15
DA:49,15
DA:52,7
DA:53,5
DA:54,5
DA:55,5
DA:56,3
DA:58,2
DA:59,2
DA:60,2
DA:75,2
DA:76,0
DA:78,2
DA:80,7
DA:81,2
DA:82,2
DA:83,2
DA:84,1
DA:86,1
DA:88,7
LF:46
LH:45
BRDA:17,0,0,1
BRDA:17,0,1,2
BRDA:17,1,0,3
BRDA:17,1,1,3
BRDA:25,2,0,1
BRDA:25,2,1,2
BRDA:32,3,0,3
BRDA:32,3,1,15
BRDA:37,4,0,0
BRDA:37,4,1,15
BRDA:55,5,0,3
BRDA:55,5,1,2
BRDA:59,6,0,0
BRDA:59,6,1,2
BRDA:75,7,0,0
BRDA:75,7,1,2
BRDA:83,8,0,1
BRDA:83,8,1,1
BRF:18
BRH:15
end_of_record
TN:
SF:routes\rentalRoutes.js
FN:10,(anonymous_0)
FN:17,(anonymous_1)
FN:25,(anonymous_2)
FN:68,(anonymous_3)
FN:100,(anonymous_4)
FNF:5
FNH:4
FNDA:2,(anonymous_0)
FNDA:4,(anonymous_1)
FNDA:9,(anonymous_2)
FNDA:1,(anonymous_3)
FNDA:0,(anonymous_4)
DA:1,7
DA:2,7
DA:3,7
DA:4,7
DA:5,7
DA:6,7
DA:7,7
DA:8,7
DA:10,7
DA:11,2
DA:12,2
DA:13,0
DA:15,2
DA:17,7
DA:18,4
DA:19,4
DA:20,4
DA:21,2
DA:23,2
DA:25,7
DA:26,9
DA:27,9
DA:28,2
DA:30,7
DA:31,7
DA:32,7
DA:33,0
DA:35,7
DA:36,1
DA:38,6
DA:51,6
DA:52,6
DA:53,6
DA:54,6
DA:55,6
DA:58,6
DA:59,6
DA:60,6
DA:62,0
DA:63,0
DA:64,0
DA:68,7
DA:69,1
DA:70,1
DA:71,1
DA:72,1
DA:73,1
DA:82,1
DA:83,0
DA:85,1
DA:86,1
DA:90,1
DA:91,1
DA:92,1
DA:94,0
DA:95,0
DA:96,0
DA:100,7
DA:101,0
DA:102,0
DA:103,0
DA:104,0
DA:105,0
DA:106,0
DA:108,0
DA:111,0
DA:112,0
DA:113,0
DA:115,0
DA:116,0
DA:117,0
DA:120,7
LF:72
LH:50
BRDA:12,0,0,0
BRDA:12,0,1,2
BRDA:12,1,0,2
BRDA:12,1,1,2
BRDA:20,2,0,2
BRDA:20,2,1,2
BRDA:27,3,0,2
BRDA:27,3,1,7
BRDA:32,4,0,0
BRDA:32,4,1,7
BRDA:32,5,0,7
BRDA:32,5,1,7
BRDA:35,6,0,1
BRDA:35,6,1,6
BRDA:82,7,0,0
BRDA:82,7,1,1
BRDA:105,8,0,0
BRDA:105,8,1,0
BRF:18
BRH:13
end_of_record
TN:
SF:routes\userRoutes.js
FN:11,(anonymous_0)
FN:18,(anonymous_1)
FN:26,(anonymous_2)
FN:35,(anonymous_3)
FN:36,(anonymous_4)
FN:53,(anonymous_5)
FNF:6
FNH:6
FNDA:1,(anonymous_0)
FNDA:3,(anonymous_1)
FNDA:14,(anonymous_2)
FNDA:11,(anonymous_3)
FNDA:11,(anonymous_4)
FNDA:3,(anonymous_5)
DA:1,7
DA:2,7
DA:3,7
DA:4,7
DA:5,7
DA:6,7
DA:7,7
DA:8,7
DA:9,7
DA:10,7
DA:11,7
DA:12,1
DA:13,1
DA:14,0
DA:16,1
DA:18,7
DA:19,3
DA:20,3
DA:21,3
DA:22,2
DA:24,3
DA:26,7
DA:27,14
DA:28,14
DA:29,2
DA:31,12
DA:32,12
DA:33,1
DA:35,11
DA:36,11
DA:37,11
DA:38,0
DA:40,11
DA:46,11
DA:47,11
DA:53,7
DA:54,3
DA:55,3
DA:56,1
DA:58,3
DA:60,7
LF:41
LH:39
BRDA:13,0,0,0
BRDA:13,0,1,1
BRDA:13,1,0,1
BRDA:13,1,1,1
BRDA:21,2,0,2
BRDA:21,2,1,1
BRDA:21,3,0,3
BRDA:21,3,1,1
BRDA:28,4,0,2
BRDA:28,4,1,12
BRDA:32,5,0,1
BRDA:32,5,1,11
BRDA:37,6,0,0
BRDA:37,6,1,11
BRDA:55,7,0,1
BRDA:55,7,1,2
BRDA:55,8,0,3
BRDA:55,8,1,2
BRF:18
BRH:16
end_of_record
TN:
SF:startup\config.js
FN:2,(anonymous_0)
FNF:1
FNH:1
FNDA:7,(anonymous_0)
DA:1,7
DA:2,7
DA:3,7
DA:4,0
DA:5,0
LF:5
LH:3
BRDA:3,0,0,0
BRDA:3,0,1,7
BRF:2
BRH:1
end_of_record
TN:
SF:startup\db.js
FN:3,(anonymous_0)
FN:6,(anonymous_1)
FN:9,(anonymous_2)
FNF:3
FNH:2
FNDA:7,(anonymous_0)
FNDA:7,(anonymous_1)
FNDA:0,(anonymous_2)
DA:1,7
DA:2,7
DA:3,7
DA:4,7
DA:10,0
LF:5
LH:4
BRF:0
BRH:0
end_of_record
TN:
SF:startup\logging.js
FN:3,(anonymous_0)
FN:12,(anonymous_1)
FN:16,(anonymous_2)
FNF:3
FNH:1
FNDA:7,(anonymous_0)
FNDA:0,(anonymous_1)
FNDA:0,(anonymous_2)
DA:1,7
DA:2,7
DA:3,7
DA:4,7
DA:12,7
DA:13,0
DA:14,0
DA:16,7
DA:17,0
DA:18,0
LF:10
LH:6
BRF:0
BRH:0
end_of_record
TN:
SF:startup\routes.js
FN:9,(anonymous_0)
FNF:1
FNH:1
FNDA:7,(anonymous_0)
DA:1,7
DA:2,7
DA:3,7
DA:4,7
DA:5,7
DA:6,7
DA:7,7
DA:8,7
DA:9,7
DA:10,7
DA:11,7
DA:12,7
DA:13,7
DA:14,7
DA:15,7
DA:16,7
DA:17,7
LF:17
LH:17
BRF:0
BRH:0
end_of_record
